<suite name="Multi Group Suite" verbose="1">
  <test name="Group Test one">
    <groups>
      <run>
        <include name="group-one" />
      </run>
    </groups>
    <classes>
      <class name="week3.day1.groups.MultiGroupExample" />
    </classes>
  </test>
  <test name="Group Test two">
    <groups>
      <run>
        <include name="group-two" />
      </run>
    </groups>
    <classes>
      <class name="week3.day1.groups.MultiGroupExample" />
    </classes>
  </test>
</suite>