<?xml version="1.0" encoding="UTF-8"?>
<!-- Generated by org.testng.reporters.JUnitReportReporter -->
<testsuite skipped="0" hostname="sjcnayasr01-mac.local" name="week2.day4.tests.AnagramTest" tests="1" failures="0" timestamp="10 May 2019 18:13:51 GMT" time="0.009" errors="0">
  <testcase name="testIsAnagram" time="0.009" classname="week2.day4.tests.AnagramTest"/>
</testsuite> <!-- week2.day4.tests.AnagramTest -->
