<?xml version="1.0" encoding="UTF-8"?>
<!-- Generated by org.testng.reporters.JUnitReportReporter -->
<testsuite skipped="0" hostname="sjcnayasr01-mac.local" name="week2.day3.tests.testLinearSearch" tests="1" failures="0" timestamp="10 May 2019 05:29:26 GMT" time="0.014" errors="0">
  <testcase name="testLenierSearchMethod" time="0.014" classname="week2.day3.tests.testLinearSearch"/>
</testsuite> <!-- week2.day3.tests.testLinearSearch -->
