<?xml version="1.0" encoding="UTF-8"?>
<!-- Generated by org.testng.reporters.JUnitReportReporter -->
<testsuite skipped="0" hostname="sjcnayasr01-mac" name="week3.day1.groups.MultiGroupExample" tests="4" failures="0" timestamp="14 May 2019 03:16:45 GMT" time="0.011" errors="0">
  <testcase name="testMethodThree" time="0.002" classname="week3.day1.groups.MultiGroupExample"/>
  <testcase name="testMethodTwo" time="0.001" classname="week3.day1.groups.MultiGroupExample"/>
  <testcase name="testMethodOne" time="0.007" classname="week3.day1.groups.MultiGroupExample"/>
  <testcase name="testMethodTwo" time="0.001" classname="week3.day1.groups.MultiGroupExample"/>
</testsuite> <!-- week3.day1.groups.MultiGroupExample -->
