<?xml version="1.0" encoding="UTF-8"?>
<!-- Generated by org.testng.reporters.JUnitReportReporter -->
<testsuite skipped="0" hostname="sjcnayasr01-mac" name="week2.day4.tests.testLinearSearch" tests="1" failures="0" timestamp="14 May 2019 01:31:24 GMT" time="0.011" errors="0">
  <testcase name="testLenierSearchMethod" time="0.011" classname="week2.day4.tests.testLinearSearch"/>
</testsuite> <!-- week2.day4.tests.testLinearSearch -->
