<?xml version="1.0" encoding="UTF-8"?>
<!-- Generated by org.testng.reporters.JUnitReportReporter -->
<testsuite skipped="0" hostname="sjcnayasr01-mac.local" name="week2.day3.tests.testPrintSubString" tests="1" failures="0" timestamp="10 May 2019 05:43:02 GMT" time="0.010" errors="0">
  <testcase name="testPrintSubStr" time="0.010" classname="week2.day3.tests.testPrintSubString"/>
</testsuite> <!-- week2.day3.tests.testPrintSubString -->
